2005.08.21 00:07 B D:\FF\Homepage Neu\bausteine\a2.png --> members.aon.at /bausteine a2.png
2005.08.21 00:07 B D:\FF\Homepage Neu\bausteine\a3.png --> members.aon.at /bausteine a3.png
2005.08.21 00:07 B D:\FF\Homepage Neu\bausteine\b2.png --> members.aon.at /bausteine b2.png
2005.08.21 00:07 B D:\FF\Homepage Neu\bausteine\b3.png --> members.aon.at /bausteine b3.png
2005.08.21 00:07 B D:\FF\Homepage Neu\bausteine\c2.png --> members.aon.at /bausteine c2.png
2005.08.21 00:07 B D:\FF\Homepage Neu\bausteine\c3.png --> members.aon.at /bausteine c3.png
2005.08.21 00:07 B D:\FF\Homepage Neu\bausteine\c3_grenze.png --> members.aon.at /bausteine c3_grenze.png
2005.08.21 00:07 B D:\FF\Homepage Neu\bausteine\c4.png --> members.aon.at /bausteine c4.png
2005.08.21 00:07 B D:\FF\Homepage Neu\bausteine\c4_grenze.png --> members.aon.at /bausteine c4_grenze.png
2005.08.21 00:07 B D:\FF\Homepage Neu\bausteine\MP_aktuelles_ausgewaehlt.png --> members.aon.at /bausteine MP_aktuelles_ausgewaehlt.png
2005.08.21 00:07 B D:\FF\Homepage Neu\bausteine\MP_aktuelles_hover.png --> members.aon.at /bausteine MP_aktuelles_hover.png
2005.08.21 00:07 B D:\FF\Homepage Neu\bausteine\MP_aktuelles_normal.png --> members.aon.at /bausteine MP_aktuelles_normal.png
2005.08.21 00:07 B D:\FF\Homepage Neu\bausteine\MP_ausruestung_ausgewaehlt.png --> members.aon.at /bausteine MP_ausruestung_ausgewaehlt.png
2005.08.21 00:07 B D:\FF\Homepage Neu\bausteine\MP_ausruestung_hover.png --> members.aon.at /bausteine MP_ausruestung_hover.png
2005.08.21 00:07 B D:\FF\Homepage Neu\bausteine\MP_ausruestung_normal.png --> members.aon.at /bausteine MP_ausruestung_normal.png
2005.08.21 00:07 B D:\FF\Homepage Neu\bausteine\MP_einsaetze_ausgewaehlt.png --> members.aon.at /bausteine MP_einsaetze_ausgewaehlt.png
2005.08.21 00:07 B D:\FF\Homepage Neu\bausteine\MP_einsaetze_hover.png --> members.aon.at /bausteine MP_einsaetze_hover.png
2005.08.21 00:07 B D:\FF\Homepage Neu\bausteine\MP_einsaetze_normal.png --> members.aon.at /bausteine MP_einsaetze_normal.png
2005.08.21 00:07 B D:\FF\Homepage Neu\bausteine\mp_feuerwehrhaus_ausgewaehlt.png --> members.aon.at /bausteine mp_feuerwehrhaus_ausgewaehlt.png
2005.08.21 00:07 B D:\FF\Homepage Neu\bausteine\mp_feuerwehrhaus_hover.png --> members.aon.at /bausteine mp_feuerwehrhaus_hover.png
2005.08.21 00:07 B D:\FF\Homepage Neu\bausteine\mp_feuerwehrhaus_normal.png --> members.aon.at /bausteine mp_feuerwehrhaus_normal.png
2005.08.21 00:07 B D:\FF\Homepage Neu\bausteine\mp_jugend_ausgewaehlt.png --> members.aon.at /bausteine mp_jugend_ausgewaehlt.png
2005.08.21 00:08 B D:\FF\Homepage Neu\bausteine\mp_jugend_hover.png --> members.aon.at /bausteine mp_jugend_hover.png
2005.08.21 00:08 B D:\FF\Homepage Neu\bausteine\mp_jugend_normal.png --> members.aon.at /bausteine mp_jugend_normal.png
2005.08.21 00:08 B D:\FF\Homepage Neu\bausteine\MP_kontakt_ausgewaehlt.png --> members.aon.at /bausteine MP_kontakt_ausgewaehlt.png
2005.08.21 00:08 B D:\FF\Homepage Neu\bausteine\MP_kontakt_ausgeweahlt.png --> members.aon.at /bausteine MP_kontakt_ausgeweahlt.png
2005.08.21 00:08 B D:\FF\Homepage Neu\bausteine\MP_kontakt_hover.png --> members.aon.at /bausteine MP_kontakt_hover.png
2005.08.21 00:08 B D:\FF\Homepage Neu\bausteine\MP_kontakt_normal.png --> members.aon.at /bausteine MP_kontakt_normal.png
2005.08.21 00:08 B D:\FF\Homepage Neu\bausteine\MP_mannschaft_ausgewaehlt.png --> members.aon.at /bausteine MP_mannschaft_ausgewaehlt.png
2005.08.21 00:08 B D:\FF\Homepage Neu\bausteine\MP_mannschaft_hover.png --> members.aon.at /bausteine MP_mannschaft_hover.png
2005.08.21 00:08 B D:\FF\Homepage Neu\bausteine\MP_mannschaft_normal.png --> members.aon.at /bausteine MP_mannschaft_normal.png
2005.08.21 00:08 B D:\FF\Homepage Neu\bausteine\MP_startseite_ausgewaehlt.png --> members.aon.at /bausteine MP_startseite_ausgewaehlt.png
2005.08.21 00:08 B D:\FF\Homepage Neu\bausteine\MP_startseite_hover.png --> members.aon.at /bausteine MP_startseite_hover.png
2005.08.21 00:08 B D:\FF\Homepage Neu\bausteine\MP_startseite_normal.png --> members.aon.at /bausteine MP_startseite_normal.png
2005.08.21 00:08 B D:\FF\Homepage Neu\bausteine\MP_veranstaltungen_ausgewaehlt.png --> members.aon.at /bausteine MP_veranstaltungen_ausgewaehlt.png
2005.08.21 00:08 B D:\FF\Homepage Neu\bausteine\MP_veranstaltungen_hover.png --> members.aon.at /bausteine MP_veranstaltungen_hover.png
2005.08.21 00:08 B D:\FF\Homepage Neu\bausteine\MP_veranstaltungen_normal.png --> members.aon.at /bausteine MP_veranstaltungen_normal.png
2005.08.21 00:08 B D:\FF\Homepage Neu\bausteine\px_blau.png --> members.aon.at /bausteine px_blau.png
2005.08.21 00:08 B D:\FF\Homepage Neu\bausteine\px_gelb.png --> members.aon.at /bausteine px_gelb.png
2005.08.21 00:08 B D:\FF\Homepage Neu\bausteine\px_rot.png --> members.aon.at /bausteine px_rot.png
2005.08.21 00:08 B D:\FF\Homepage Neu\bausteine\schatten_links_unten.png --> members.aon.at /bausteine schatten_links_unten.png
2005.08.21 00:08 B D:\FF\Homepage Neu\bausteine\schatten_rechts.png --> members.aon.at /bausteine schatten_rechts.png
2005.08.21 00:08 B D:\FF\Homepage Neu\bausteine\schatten_rechts_oben.png --> members.aon.at /bausteine schatten_rechts_oben.png
2005.08.21 00:08 B D:\FF\Homepage Neu\bausteine\schatten_rechts_unten.png --> members.aon.at /bausteine schatten_rechts_unten.png
2005.08.21 00:08 B D:\FF\Homepage Neu\bausteine\schatten_unten.png --> members.aon.at /bausteine schatten_unten.png
2005.08.21 00:08 B D:\FF\Homepage Neu\bausteine\Thumbs.db --> members.aon.at /bausteine Thumbs.db
2005.08.21 00:54 B D:\FF\Homepage Neu\bausteine\MP_feuerwehrhaus_ausgewaehlt.png --> members.aon.at /bausteine MP_feuerwehrhaus_ausgewaehlt.png
2005.08.21 00:54 B D:\FF\Homepage Neu\bausteine\MP_feuerwehrhaus_hover.png --> members.aon.at /bausteine MP_feuerwehrhaus_hover.png
2005.08.21 00:54 B D:\FF\Homepage Neu\bausteine\MP_feuerwehrhaus_normal.png --> members.aon.at /bausteine MP_feuerwehrhaus_normal.png
2005.08.21 00:54 B D:\FF\Homepage Neu\bausteine\MP_jugend_ausgewaehlt.png --> members.aon.at /bausteine MP_jugend_ausgewaehlt.png
2005.08.21 00:54 B D:\FF\Homepage Neu\bausteine\MP_jugend_hover.png --> members.aon.at /bausteine MP_jugend_hover.png
2005.08.21 00:54 B D:\FF\Homepage Neu\bausteine\MP_jugend_normal.png --> members.aon.at /bausteine MP_jugend_normal.png
